Library/Bee/Android/Prj/Mono2x/Gradle/unityLibrary/build/intermediates/manifest_merge_blame_file/release/manifest-merger-blame-release-report.txt
1<?xml version="1.0" encoding="utf-8"?>
2<manifest xmlns:android="http://schemas.android.com/apk/res/android"
3    xmlns:tools="http://schemas.android.com/tools"
4    package="com.unity3d.player"
5    android:installLocation="auto" >
6
7    <uses-sdk
8        android:minSdkVersion="23"
8-->src\main\AndroidManifest.xml
9        android:targetSdkVersion="32" />
9-->src\main\AndroidManifest.xml
10
11    <uses-permission android:name="android.permission.INTERNET" />
11-->src\main\AndroidManifest.xml:3:3-65
11-->src\main\AndroidManifest.xml:3:20-62
12
13    <uses-feature android:glEsVersion="0x00030000" />
13-->src\main\AndroidManifest.xml:4:3-52
13-->src\main\AndroidManifest.xml:4:17-49
14    <uses-feature
14-->src\main\AndroidManifest.xml:5:3-91
15        android:name="android.hardware.vulkan.version"
15-->src\main\AndroidManifest.xml:5:17-63
16        android:required="false" />
16-->src\main\AndroidManifest.xml:5:64-88
17    <uses-feature
17-->src\main\AndroidManifest.xml:6:3-88
18        android:name="android.hardware.touchscreen"
18-->src\main\AndroidManifest.xml:6:17-60
19        android:required="false" />
19-->src\main\AndroidManifest.xml:6:61-85
20    <uses-feature
20-->src\main\AndroidManifest.xml:7:3-99
21        android:name="android.hardware.touchscreen.multitouch"
21-->src\main\AndroidManifest.xml:7:17-71
22        android:required="false" />
22-->src\main\AndroidManifest.xml:7:72-96
23    <uses-feature
23-->src\main\AndroidManifest.xml:8:3-108
24        android:name="android.hardware.touchscreen.multitouch.distinct"
24-->src\main\AndroidManifest.xml:8:17-80
25        android:required="false" />
25-->src\main\AndroidManifest.xml:8:81-105
26    <uses-feature
26-->src\main\AndroidManifest.xml:31:3-111
27        android:name="android.hardware.vr.headtracking"
27-->src\main\AndroidManifest.xml:31:17-64
28        android:required="true"
28-->src\main\AndroidManifest.xml:31:65-88
29        android:version="1" />
29-->src\main\AndroidManifest.xml:31:89-108
30
31    <application android:extractNativeLibs="true" >
31-->src\main\AndroidManifest.xml:9:3-30:17
31-->src\main\AndroidManifest.xml:9:16-48
32        <meta-data
32-->src\main\AndroidManifest.xml:10:5-69
33            android:name="unity.splash-mode"
33-->src\main\AndroidManifest.xml:10:16-48
34            android:value="0" />
34-->src\main\AndroidManifest.xml:10:49-66
35        <meta-data
35-->src\main\AndroidManifest.xml:11:5-74
36            android:name="unity.splash-enable"
36-->src\main\AndroidManifest.xml:11:16-50
37            android:value="True" />
37-->src\main\AndroidManifest.xml:11:51-71
38        <meta-data
38-->src\main\AndroidManifest.xml:12:5-78
39            android:name="unity.launch-fullscreen"
39-->src\main\AndroidManifest.xml:12:16-54
40            android:value="True" />
40-->src\main\AndroidManifest.xml:12:55-75
41        <meta-data
41-->src\main\AndroidManifest.xml:13:5-81
42            android:name="notch.config"
42-->src\main\AndroidManifest.xml:13:16-43
43            android:value="portrait|landscape" />
43-->src\main\AndroidManifest.xml:13:44-78
44        <meta-data
44-->src\main\AndroidManifest.xml:14:5-84
45            android:name="unity.auto-report-fully-drawn"
45-->src\main\AndroidManifest.xml:14:16-60
46            android:value="true" />
46-->src\main\AndroidManifest.xml:14:61-81
47
48        <activity
48-->src\main\AndroidManifest.xml:15:5-24:16
49            android:name="com.unity3d.player.UnityPlayerActivity"
49-->src\main\AndroidManifest.xml:15:15-68
50            android:configChanges="keyboard|keyboardHidden|navigation|orientation|screenLayout|screenSize|uiMode"
50-->src\main\AndroidManifest.xml:15:204-305
51            android:exported="true"
51-->src\main\AndroidManifest.xml:15:377-400
52            android:hardwareAccelerated="false"
52-->src\main\AndroidManifest.xml:15:341-376
53            android:launchMode="singleTask"
53-->src\main\AndroidManifest.xml:15:172-203
54            android:resizeableActivity="false"
54-->src\main\AndroidManifest.xml:15:306-340
55            android:screenOrientation="landscape"
55-->src\main\AndroidManifest.xml:15:134-171
56            android:theme="@android:style/Theme.Black.NoTitleBar.Fullscreen" >
56-->src\main\AndroidManifest.xml:15:69-133
57            <intent-filter>
57-->src\main\AndroidManifest.xml:16:7-20:23
58                <category android:name="android.intent.category.LAUNCHER" />
58-->src\main\AndroidManifest.xml:17:9-69
58-->src\main\AndroidManifest.xml:17:19-66
59
60                <action android:name="android.intent.action.MAIN" />
60-->src\main\AndroidManifest.xml:18:9-61
60-->src\main\AndroidManifest.xml:18:17-58
61
62                <category android:name="com.oculus.intent.category.VR" />
62-->src\main\AndroidManifest.xml:19:9-66
62-->src\main\AndroidManifest.xml:19:19-63
63            </intent-filter>
64
65            <meta-data
65-->src\main\AndroidManifest.xml:21:7-82
66                android:name="unityplayer.UnityActivity"
66-->src\main\AndroidManifest.xml:21:18-58
67                android:value="true" />
67-->src\main\AndroidManifest.xml:21:59-79
68            <meta-data
68-->src\main\AndroidManifest.xml:22:7-70
69                android:name="notch_support"
69-->src\main\AndroidManifest.xml:22:18-46
70                android:value="true" />
70-->src\main\AndroidManifest.xml:22:47-67
71            <meta-data
71-->src\main\AndroidManifest.xml:23:7-81
72                android:name="com.oculus.vr.focusaware"
72-->src\main\AndroidManifest.xml:23:18-57
73                android:value="true" />
73-->src\main\AndroidManifest.xml:23:58-78
74        </activity>
75
76        <meta-data
76-->src\main\AndroidManifest.xml:25:5-97
77            android:name="com.samsung.android.vr.application.mode"
77-->src\main\AndroidManifest.xml:25:16-70
78            android:value="vr_only" />
78-->src\main\AndroidManifest.xml:25:71-94
79        <meta-data
79-->src\main\AndroidManifest.xml:26:5-91
80            android:name="com.unity.xr.oculus.LowOverheadMode"
80-->src\main\AndroidManifest.xml:26:16-66
81            android:value="false" />
81-->src\main\AndroidManifest.xml:26:67-88
82        <meta-data
82-->src\main\AndroidManifest.xml:27:5-88
83            android:name="com.unity.xr.oculus.LateLatching"
83-->src\main\AndroidManifest.xml:27:16-63
84            android:value="false" />
84-->src\main\AndroidManifest.xml:27:64-85
85        <meta-data
85-->src\main\AndroidManifest.xml:28:5-93
86            android:name="com.unity.xr.oculus.LateLatchingDebug"
86-->src\main\AndroidManifest.xml:28:16-68
87            android:value="false" />
87-->src\main\AndroidManifest.xml:28:69-90
88        <meta-data
88-->src\main\AndroidManifest.xml:29:5-84
89            android:name="com.oculus.supportedDevices"
89-->src\main\AndroidManifest.xml:29:16-58
90            android:value="quest2" />
90-->src\main\AndroidManifest.xml:29:59-81
91    </application>
92
93</manifest>